[2023-02-09 22:14:21,151] INFO Reading configuration from: config/zookeeper.properties (org.apache.zookeeper.server.quorum.QuorumPeerConfig)
[2023-02-09 22:14:21,153] WARN config/zookeeper.properties is relative. Prepend ./ to indicate that you're sure! (org.apache.zookeeper.server.quorum.QuorumPeerConfig)
[2023-02-09 22:14:21,156] INFO clientPortAddress is 0.0.0.0:2181 (org.apache.zookeeper.server.quorum.QuorumPeerConfig)
[2023-02-09 22:14:21,156] INFO secureClientPort is not set (org.apache.zookeeper.server.quorum.QuorumPeerConfig)
[2023-02-09 22:14:21,156] INFO observerMasterPort is not set (org.apache.zookeeper.server.quorum.QuorumPeerConfig)
[2023-02-09 22:14:21,156] INFO metricsProvider.className is org.apache.zookeeper.metrics.impl.DefaultMetricsProvider (org.apache.zookeeper.server.quorum.QuorumPeerConfig)
[2023-02-09 22:14:21,160] INFO autopurge.snapRetainCount set to 3 (org.apache.zookeeper.server.DatadirCleanupManager)
[2023-02-09 22:14:21,160] INFO autopurge.purgeInterval set to 0 (org.apache.zookeeper.server.DatadirCleanupManager)
[2023-02-09 22:14:21,160] INFO Purge task is not scheduled. (org.apache.zookeeper.server.DatadirCleanupManager)
[2023-02-09 22:14:21,160] WARN Either no config or no quorum defined in config, running in standalone mode (org.apache.zookeeper.server.quorum.QuorumPeerMain)
[2023-02-09 22:14:21,161] INFO Log4j 1.2 jmx support not found; jmx disabled. (org.apache.zookeeper.jmx.ManagedUtil)
[2023-02-09 22:14:21,162] INFO Reading configuration from: config/zookeeper.properties (org.apache.zookeeper.server.quorum.QuorumPeerConfig)
[2023-02-09 22:14:21,162] WARN config/zookeeper.properties is relative. Prepend ./ to indicate that you're sure! (org.apache.zookeeper.server.quorum.QuorumPeerConfig)
[2023-02-09 22:14:21,162] INFO clientPortAddress is 0.0.0.0:2181 (org.apache.zookeeper.server.quorum.QuorumPeerConfig)
[2023-02-09 22:14:21,162] INFO secureClientPort is not set (org.apache.zookeeper.server.quorum.QuorumPeerConfig)
[2023-02-09 22:14:21,162] INFO observerMasterPort is not set (org.apache.zookeeper.server.quorum.QuorumPeerConfig)
[2023-02-09 22:14:21,162] INFO metricsProvider.className is org.apache.zookeeper.metrics.impl.DefaultMetricsProvider (org.apache.zookeeper.server.quorum.QuorumPeerConfig)
[2023-02-09 22:14:21,162] INFO Starting server (org.apache.zookeeper.server.ZooKeeperServerMain)
[2023-02-09 22:14:21,174] INFO ServerMetrics initialized with provider org.apache.zookeeper.metrics.impl.DefaultMetricsProvider@358c99f5 (org.apache.zookeeper.server.ServerMetrics)
[2023-02-09 22:14:21,178] INFO zookeeper.snapshot.trust.empty : false (org.apache.zookeeper.server.persistence.FileTxnSnapLog)
[2023-02-09 22:14:21,189] INFO  (org.apache.zookeeper.server.ZooKeeperServer)
[2023-02-09 22:14:21,189] INFO   ______                  _                                           (org.apache.zookeeper.server.ZooKeeperServer)
[2023-02-09 22:14:21,189] INFO  |___  /                 | |                                          (org.apache.zookeeper.server.ZooKeeperServer)
[2023-02-09 22:14:21,189] INFO     / /    ___     ___   | | __   ___    ___   _ __     ___   _ __    (org.apache.zookeeper.server.ZooKeeperServer)
[2023-02-09 22:14:21,189] INFO    / /    / _ \   / _ \  | |/ /  / _ \  / _ \ | '_ \   / _ \ | '__| (org.apache.zookeeper.server.ZooKeeperServer)
[2023-02-09 22:14:21,189] INFO   / /__  | (_) | | (_) | |   <  |  __/ |  __/ | |_) | |  __/ | |     (org.apache.zookeeper.server.ZooKeeperServer)
[2023-02-09 22:14:21,189] INFO  /_____|  \___/   \___/  |_|\_\  \___|  \___| | .__/   \___| |_| (org.apache.zookeeper.server.ZooKeeperServer)
[2023-02-09 22:14:21,189] INFO                                               | |                      (org.apache.zookeeper.server.ZooKeeperServer)
[2023-02-09 22:14:21,189] INFO                                               |_|                      (org.apache.zookeeper.server.ZooKeeperServer)
[2023-02-09 22:14:21,189] INFO  (org.apache.zookeeper.server.ZooKeeperServer)
[2023-02-09 22:14:21,222] INFO Server environment:zookeeper.version=3.6.3--6401e4ad2087061bc6b9f80dec2d69f2e3c8660a, built on 04/08/2021 16:35 GMT (org.apache.zookeeper.server.ZooKeeperServer)
[2023-02-09 22:14:21,222] INFO Server environment:host.name=event-ansible (org.apache.zookeeper.server.ZooKeeperServer)
[2023-02-09 22:14:21,222] INFO Server environment:java.version=11.0.17 (org.apache.zookeeper.server.ZooKeeperServer)
[2023-02-09 22:14:21,222] INFO Server environment:java.vendor=Red Hat, Inc. (org.apache.zookeeper.server.ZooKeeperServer)
[2023-02-09 22:14:21,222] INFO Server environment:java.home=/usr/lib/jvm/java-11-openjdk-11.0.17.0.8-2.el9_0.x86_64 (org.apache.zookeeper.server.ZooKeeperServer)
[2023-02-09 22:14:21,222] INFO Server environment:java.class.path=/home/jinzha/kafka_2.13-3.3.1/bin/../libs/activation-1.1.1.jar:/home/jinzha/kafka_2.13-3.3.1/bin/../libs/aopalliance-repackaged-2.6.1.jar:/home/jinzha/kafka_2.13-3.3.1/bin/../libs/argparse4j-0.7.0.jar:/home/jinzha/kafka_2.13-3.3.1/bin/../libs/audience-annotations-0.5.0.jar:/home/jinzha/kafka_2.13-3.3.1/bin/../libs/commons-cli-1.4.jar:/home/jinzha/kafka_2.13-3.3.1/bin/../libs/commons-lang3-3.12.0.jar:/home/jinzha/kafka_2.13-3.3.1/bin/../libs/commons-lang3-3.8.1.jar:/home/jinzha/kafka_2.13-3.3.1/bin/../libs/connect-api-3.3.1.jar:/home/jinzha/kafka_2.13-3.3.1/bin/../libs/connect-basic-auth-extension-3.3.1.jar:/home/jinzha/kafka_2.13-3.3.1/bin/../libs/connect-json-3.3.1.jar:/home/jinzha/kafka_2.13-3.3.1/bin/../libs/connect-mirror-3.3.1.jar:/home/jinzha/kafka_2.13-3.3.1/bin/../libs/connect-mirror-client-3.3.1.jar:/home/jinzha/kafka_2.13-3.3.1/bin/../libs/connect-runtime-3.3.1.jar:/home/jinzha/kafka_2.13-3.3.1/bin/../libs/connect-transforms-3.3.1.jar:/home/jinzha/kafka_2.13-3.3.1/bin/../libs/hk2-api-2.6.1.jar:/home/jinzha/kafka_2.13-3.3.1/bin/../libs/hk2-locator-2.6.1.jar:/home/jinzha/kafka_2.13-3.3.1/bin/../libs/hk2-utils-2.6.1.jar:/home/jinzha/kafka_2.13-3.3.1/bin/../libs/jackson-annotations-2.13.3.jar:/home/jinzha/kafka_2.13-3.3.1/bin/../libs/jackson-core-2.13.3.jar:/home/jinzha/kafka_2.13-3.3.1/bin/../libs/jackson-databind-2.13.3.jar:/home/jinzha/kafka_2.13-3.3.1/bin/../libs/jackson-dataformat-csv-2.13.3.jar:/home/jinzha/kafka_2.13-3.3.1/bin/../libs/jackson-datatype-jdk8-2.13.3.jar:/home/jinzha/kafka_2.13-3.3.1/bin/../libs/jackson-jaxrs-base-2.13.3.jar:/home/jinzha/kafka_2.13-3.3.1/bin/../libs/jackson-jaxrs-json-provider-2.13.3.jar:/home/jinzha/kafka_2.13-3.3.1/bin/../libs/jackson-module-jaxb-annotations-2.13.3.jar:/home/jinzha/kafka_2.13-3.3.1/bin/../libs/jackson-module-scala_2.13-2.13.3.jar:/home/jinzha/kafka_2.13-3.3.1/bin/../libs/jakarta.activation-api-1.2.2.jar:/home/jinzha/kafka_2.13-3.3.1/bin/../libs/jakarta.annotation-api-1.3.5.jar:/home/jinzha/kafka_2.13-3.3.1/bin/../libs/jakarta.inject-2.6.1.jar:/home/jinzha/kafka_2.13-3.3.1/bin/../libs/jakarta.validation-api-2.0.2.jar:/home/jinzha/kafka_2.13-3.3.1/bin/../libs/jakarta.ws.rs-api-2.1.6.jar:/home/jinzha/kafka_2.13-3.3.1/bin/../libs/jakarta.xml.bind-api-2.3.3.jar:/home/jinzha/kafka_2.13-3.3.1/bin/../libs/javassist-3.27.0-GA.jar:/home/jinzha/kafka_2.13-3.3.1/bin/../libs/javax.servlet-api-3.1.0.jar:/home/jinzha/kafka_2.13-3.3.1/bin/../libs/javax.ws.rs-api-2.1.1.jar:/home/jinzha/kafka_2.13-3.3.1/bin/../libs/jaxb-api-2.3.0.jar:/home/jinzha/kafka_2.13-3.3.1/bin/../libs/jersey-client-2.34.jar:/home/jinzha/kafka_2.13-3.3.1/bin/../libs/jersey-common-2.34.jar:/home/jinzha/kafka_2.13-3.3.1/bin/../libs/jersey-container-servlet-2.34.jar:/home/jinzha/kafka_2.13-3.3.1/bin/../libs/jersey-container-servlet-core-2.34.jar:/home/jinzha/kafka_2.13-3.3.1/bin/../libs/jersey-hk2-2.34.jar:/home/jinzha/kafka_2.13-3.3.1/bin/../libs/jersey-server-2.34.jar:/home/jinzha/kafka_2.13-3.3.1/bin/../libs/jetty-client-9.4.48.v20220622.jar:/home/jinzha/kafka_2.13-3.3.1/bin/../libs/jetty-continuation-9.4.48.v20220622.jar:/home/jinzha/kafka_2.13-3.3.1/bin/../libs/jetty-http-9.4.48.v20220622.jar:/home/jinzha/kafka_2.13-3.3.1/bin/../libs/jetty-io-9.4.48.v20220622.jar:/home/jinzha/kafka_2.13-3.3.1/bin/../libs/jetty-security-9.4.48.v20220622.jar:/home/jinzha/kafka_2.13-3.3.1/bin/../libs/jetty-server-9.4.48.v20220622.jar:/home/jinzha/kafka_2.13-3.3.1/bin/../libs/jetty-servlet-9.4.48.v20220622.jar:/home/jinzha/kafka_2.13-3.3.1/bin/../libs/jetty-servlets-9.4.48.v20220622.jar:/home/jinzha/kafka_2.13-3.3.1/bin/../libs/jetty-util-9.4.48.v20220622.jar:/home/jinzha/kafka_2.13-3.3.1/bin/../libs/jetty-util-ajax-9.4.48.v20220622.jar:/home/jinzha/kafka_2.13-3.3.1/bin/../libs/jline-3.21.0.jar:/home/jinzha/kafka_2.13-3.3.1/bin/../libs/jopt-simple-5.0.4.jar:/home/jinzha/kafka_2.13-3.3.1/bin/../libs/jose4j-0.7.9.jar:/home/jinzha/kafka_2.13-3.3.1/bin/../libs/kafka_2.13-3.3.1.jar:/home/jinzha/kafka_2.13-3.3.1/bin/../libs/kafka-clients-3.3.1.jar:/home/jinzha/kafka_2.13-3.3.1/bin/../libs/kafka-log4j-appender-3.3.1.jar:/home/jinzha/kafka_2.13-3.3.1/bin/../libs/kafka-metadata-3.3.1.jar:/home/jinzha/kafka_2.13-3.3.1/bin/../libs/kafka-raft-3.3.1.jar:/home/jinzha/kafka_2.13-3.3.1/bin/../libs/kafka-server-common-3.3.1.jar:/home/jinzha/kafka_2.13-3.3.1/bin/../libs/kafka-shell-3.3.1.jar:/home/jinzha/kafka_2.13-3.3.1/bin/../libs/kafka-storage-3.3.1.jar:/home/jinzha/kafka_2.13-3.3.1/bin/../libs/kafka-storage-api-3.3.1.jar:/home/jinzha/kafka_2.13-3.3.1/bin/../libs/kafka-streams-3.3.1.jar:/home/jinzha/kafka_2.13-3.3.1/bin/../libs/kafka-streams-examples-3.3.1.jar:/home/jinzha/kafka_2.13-3.3.1/bin/../libs/kafka-streams-scala_2.13-3.3.1.jar:/home/jinzha/kafka_2.13-3.3.1/bin/../libs/kafka-streams-test-utils-3.3.1.jar:/home/jinzha/kafka_2.13-3.3.1/bin/../libs/kafka-tools-3.3.1.jar:/home/jinzha/kafka_2.13-3.3.1/bin/../libs/lz4-java-1.8.0.jar:/home/jinzha/kafka_2.13-3.3.1/bin/../libs/maven-artifact-3.8.4.jar:/home/jinzha/kafka_2.13-3.3.1/bin/../libs/metrics-core-2.2.0.jar:/home/jinzha/kafka_2.13-3.3.1/bin/../libs/metrics-core-4.1.12.1.jar:/home/jinzha/kafka_2.13-3.3.1/bin/../libs/netty-buffer-4.1.78.Final.jar:/home/jinzha/kafka_2.13-3.3.1/bin/../libs/netty-codec-4.1.78.Final.jar:/home/jinzha/kafka_2.13-3.3.1/bin/../libs/netty-common-4.1.78.Final.jar:/home/jinzha/kafka_2.13-3.3.1/bin/../libs/netty-handler-4.1.78.Final.jar:/home/jinzha/kafka_2.13-3.3.1/bin/../libs/netty-resolver-4.1.78.Final.jar:/home/jinzha/kafka_2.13-3.3.1/bin/../libs/netty-transport-4.1.78.Final.jar:/home/jinzha/kafka_2.13-3.3.1/bin/../libs/netty-transport-classes-epoll-4.1.78.Final.jar:/home/jinzha/kafka_2.13-3.3.1/bin/../libs/netty-transport-native-epoll-4.1.78.Final.jar:/home/jinzha/kafka_2.13-3.3.1/bin/../libs/netty-transport-native-unix-common-4.1.78.Final.jar:/home/jinzha/kafka_2.13-3.3.1/bin/../libs/osgi-resource-locator-1.0.3.jar:/home/jinzha/kafka_2.13-3.3.1/bin/../libs/paranamer-2.8.jar:/home/jinzha/kafka_2.13-3.3.1/bin/../libs/plexus-utils-3.3.0.jar:/home/jinzha/kafka_2.13-3.3.1/bin/../libs/reflections-0.9.12.jar:/home/jinzha/kafka_2.13-3.3.1/bin/../libs/reload4j-1.2.19.jar:/home/jinzha/kafka_2.13-3.3.1/bin/../libs/rocksdbjni-6.29.4.1.jar:/home/jinzha/kafka_2.13-3.3.1/bin/../libs/scala-collection-compat_2.13-2.6.0.jar:/home/jinzha/kafka_2.13-3.3.1/bin/../libs/scala-java8-compat_2.13-1.0.2.jar:/home/jinzha/kafka_2.13-3.3.1/bin/../libs/scala-library-2.13.8.jar:/home/jinzha/kafka_2.13-3.3.1/bin/../libs/scala-logging_2.13-3.9.4.jar:/home/jinzha/kafka_2.13-3.3.1/bin/../libs/scala-reflect-2.13.8.jar:/home/jinzha/kafka_2.13-3.3.1/bin/../libs/slf4j-api-1.7.36.jar:/home/jinzha/kafka_2.13-3.3.1/bin/../libs/slf4j-reload4j-1.7.36.jar:/home/jinzha/kafka_2.13-3.3.1/bin/../libs/snappy-java-1.1.8.4.jar:/home/jinzha/kafka_2.13-3.3.1/bin/../libs/swagger-annotations-2.2.0.jar:/home/jinzha/kafka_2.13-3.3.1/bin/../libs/trogdor-3.3.1.jar:/home/jinzha/kafka_2.13-3.3.1/bin/../libs/zookeeper-3.6.3.jar:/home/jinzha/kafka_2.13-3.3.1/bin/../libs/zookeeper-jute-3.6.3.jar:/home/jinzha/kafka_2.13-3.3.1/bin/../libs/zstd-jni-1.5.2-1.jar (org.apache.zookeeper.server.ZooKeeperServer)
[2023-02-09 22:14:21,223] INFO Server environment:java.library.path=/usr/java/packages/lib:/usr/lib64:/lib64:/lib:/usr/lib (org.apache.zookeeper.server.ZooKeeperServer)
[2023-02-09 22:14:21,223] INFO Server environment:java.io.tmpdir=/tmp (org.apache.zookeeper.server.ZooKeeperServer)
[2023-02-09 22:14:21,223] INFO Server environment:java.compiler=<NA> (org.apache.zookeeper.server.ZooKeeperServer)
[2023-02-09 22:14:21,223] INFO Server environment:os.name=Linux (org.apache.zookeeper.server.ZooKeeperServer)
[2023-02-09 22:14:21,223] INFO Server environment:os.arch=amd64 (org.apache.zookeeper.server.ZooKeeperServer)
[2023-02-09 22:14:21,223] INFO Server environment:os.version=5.14.0-162.6.1.el9_1.x86_64 (org.apache.zookeeper.server.ZooKeeperServer)
[2023-02-09 22:14:21,223] INFO Server environment:user.name=jinzha (org.apache.zookeeper.server.ZooKeeperServer)
[2023-02-09 22:14:21,223] INFO Server environment:user.home=/home/jinzha (org.apache.zookeeper.server.ZooKeeperServer)
[2023-02-09 22:14:21,223] INFO Server environment:user.dir=/home/jinzha/kafka_2.13-3.3.1 (org.apache.zookeeper.server.ZooKeeperServer)
[2023-02-09 22:14:21,224] INFO Server environment:os.memory.free=489MB (org.apache.zookeeper.server.ZooKeeperServer)
[2023-02-09 22:14:21,224] INFO Server environment:os.memory.max=512MB (org.apache.zookeeper.server.ZooKeeperServer)
[2023-02-09 22:14:21,224] INFO Server environment:os.memory.total=512MB (org.apache.zookeeper.server.ZooKeeperServer)
[2023-02-09 22:14:21,224] INFO zookeeper.enableEagerACLCheck = false (org.apache.zookeeper.server.ZooKeeperServer)
[2023-02-09 22:14:21,224] INFO zookeeper.digest.enabled = true (org.apache.zookeeper.server.ZooKeeperServer)
[2023-02-09 22:14:21,224] INFO zookeeper.closeSessionTxn.enabled = true (org.apache.zookeeper.server.ZooKeeperServer)
[2023-02-09 22:14:21,224] INFO zookeeper.flushDelay=0 (org.apache.zookeeper.server.ZooKeeperServer)
[2023-02-09 22:14:21,224] INFO zookeeper.maxWriteQueuePollTime=0 (org.apache.zookeeper.server.ZooKeeperServer)
[2023-02-09 22:14:21,225] INFO zookeeper.maxBatchSize=1000 (org.apache.zookeeper.server.ZooKeeperServer)
[2023-02-09 22:14:21,225] INFO zookeeper.intBufferStartingSizeBytes = 1024 (org.apache.zookeeper.server.ZooKeeperServer)
[2023-02-09 22:14:21,226] INFO Weighed connection throttling is disabled (org.apache.zookeeper.server.BlueThrottle)
[2023-02-09 22:14:21,227] INFO minSessionTimeout set to 6000 (org.apache.zookeeper.server.ZooKeeperServer)
[2023-02-09 22:14:21,227] INFO maxSessionTimeout set to 60000 (org.apache.zookeeper.server.ZooKeeperServer)
[2023-02-09 22:14:21,228] INFO Response cache size is initialized with value 400. (org.apache.zookeeper.server.ResponseCache)
[2023-02-09 22:14:21,228] INFO Response cache size is initialized with value 400. (org.apache.zookeeper.server.ResponseCache)
[2023-02-09 22:14:21,229] INFO zookeeper.pathStats.slotCapacity = 60 (org.apache.zookeeper.server.util.RequestPathMetricsCollector)
[2023-02-09 22:14:21,229] INFO zookeeper.pathStats.slotDuration = 15 (org.apache.zookeeper.server.util.RequestPathMetricsCollector)
[2023-02-09 22:14:21,229] INFO zookeeper.pathStats.maxDepth = 6 (org.apache.zookeeper.server.util.RequestPathMetricsCollector)
[2023-02-09 22:14:21,229] INFO zookeeper.pathStats.initialDelay = 5 (org.apache.zookeeper.server.util.RequestPathMetricsCollector)
[2023-02-09 22:14:21,229] INFO zookeeper.pathStats.delay = 5 (org.apache.zookeeper.server.util.RequestPathMetricsCollector)
[2023-02-09 22:14:21,229] INFO zookeeper.pathStats.enabled = false (org.apache.zookeeper.server.util.RequestPathMetricsCollector)
[2023-02-09 22:14:21,232] INFO The max bytes for all large requests are set to 104857600 (org.apache.zookeeper.server.ZooKeeperServer)
[2023-02-09 22:14:21,233] INFO The large request threshold is set to -1 (org.apache.zookeeper.server.ZooKeeperServer)
[2023-02-09 22:14:21,233] INFO Created server with tickTime 3000 minSessionTimeout 6000 maxSessionTimeout 60000 clientPortListenBacklog -1 datadir /tmp/zookeeper/version-2 snapdir /tmp/zookeeper/version-2 (org.apache.zookeeper.server.ZooKeeperServer)
[2023-02-09 22:14:21,242] INFO Using org.apache.zookeeper.server.NIOServerCnxnFactory as server connection factory (org.apache.zookeeper.server.ServerCnxnFactory)
[2023-02-09 22:14:21,244] WARN maxCnxns is not configured, using default value 0. (org.apache.zookeeper.server.ServerCnxnFactory)
[2023-02-09 22:14:21,246] INFO Configuring NIO connection handler with 10s sessionless connection timeout, 1 selector thread(s), 8 worker threads, and 64 kB direct buffers. (org.apache.zookeeper.server.NIOServerCnxnFactory)
[2023-02-09 22:14:21,251] INFO binding to port 0.0.0.0/0.0.0.0:2181 (org.apache.zookeeper.server.NIOServerCnxnFactory)
[2023-02-09 22:14:21,275] INFO Using org.apache.zookeeper.server.watch.WatchManager as watch manager (org.apache.zookeeper.server.watch.WatchManagerFactory)
[2023-02-09 22:14:21,275] INFO Using org.apache.zookeeper.server.watch.WatchManager as watch manager (org.apache.zookeeper.server.watch.WatchManagerFactory)
[2023-02-09 22:14:21,276] INFO zookeeper.snapshotSizeFactor = 0.33 (org.apache.zookeeper.server.ZKDatabase)
[2023-02-09 22:14:21,276] INFO zookeeper.commitLogCount=500 (org.apache.zookeeper.server.ZKDatabase)
[2023-02-09 22:14:21,284] INFO zookeeper.snapshot.compression.method = CHECKED (org.apache.zookeeper.server.persistence.SnapStream)
[2023-02-09 22:14:21,284] INFO Snapshotting: 0x0 to /tmp/zookeeper/version-2/snapshot.0 (org.apache.zookeeper.server.persistence.FileTxnSnapLog)
[2023-02-09 22:14:21,288] INFO Snapshot loaded in 12 ms, highest zxid is 0x0, digest is 1371985504 (org.apache.zookeeper.server.ZKDatabase)
[2023-02-09 22:14:21,288] INFO Snapshotting: 0x0 to /tmp/zookeeper/version-2/snapshot.0 (org.apache.zookeeper.server.persistence.FileTxnSnapLog)
[2023-02-09 22:14:21,289] INFO Snapshot taken in 1 ms (org.apache.zookeeper.server.ZooKeeperServer)
[2023-02-09 22:14:21,302] INFO zookeeper.request_throttler.shutdownTimeout = 10000 (org.apache.zookeeper.server.RequestThrottler)
[2023-02-09 22:14:21,305] INFO PrepRequestProcessor (sid:0) started, reconfigEnabled=false (org.apache.zookeeper.server.PrepRequestProcessor)
[2023-02-09 22:14:21,320] INFO Using checkIntervalMs=60000 maxPerMinute=10000 maxNeverUsedIntervalMs=0 (org.apache.zookeeper.server.ContainerManager)
[2023-02-09 22:14:21,321] INFO ZooKeeper audit is disabled. (org.apache.zookeeper.audit.ZKAuditProvider)
